2024-01-25 12:55:14,514 NanoPlot 1.42.0 started with arguments Namespace(N50=False, alength=False, bam=None, barcoded=False, color='#4CB391', colormap='Greens', cram=None, downsample=None, dpi=100, drop_outliers=False, fasta=None, fastq=['/home/people/fitzpatria/training/wk2/data/SRR5085902/SRR5085902.fastq'], fastq_minimal=None, fastq_rich=None, feather=None, font_scale=1, format=['png'], hide_stats=False, huge=False, info_in_report=False, legacy=None, listcolormaps=False, listcolors=False, loglength=False, maxlength=None, minlength=None, minqual=None, no_N50=False, no_static=False, no_supplementary=False, only_report=False, outdir='/home/people/fitzpatria/training/wk2/data/SRR5085902', path='/home/people/fitzpatria/training/wk2/data/SRR5085902/', percentqual=False, pickle=None, plots=['kde', 'dot'], prefix='', raw=False, readtype='1D', runtime_until=None, store=False, summary=None, threads=4, title=None, tsv_stats=False, ubam=None, verbose=False)
2024-01-25 12:55:14,514 Python version is: 3.6.5 |Anaconda, Inc.| (default, Apr 29 2018, 16:14:56)  [GCC 7.2.0]
2024-01-25 12:55:14,536 Nanoget: Starting to collect statistics from plain fastq file.
2024-01-25 12:55:15,917 Reduced DataFrame memory usage from 0.0648651123046875Mb to 0.037837982177734375Mb
2024-01-25 12:55:15,929 Nanoget: Gathered all metrics of 2834 reads
2024-01-25 12:55:15,959 Calculated statistics
2024-01-25 12:55:15,960 Using sequenced read lengths for plotting.
2024-01-25 12:55:15,962 NanoPlot:  Valid color #4CB391.
2024-01-25 12:55:15,963 NanoPlot:  Valid colormap Greens.
2024-01-25 12:55:15,964 NanoPlot:  Creating length plots for Read length.
2024-01-25 12:55:15,964 NanoPlot:  Using 2834 reads maximum of 3213bp.
2024-01-25 12:55:19,394 Saved /home/people/fitzpatria/training/wk2/data/SRR5085902/WeightedHistogramReadlength  as png (or png for --legacy)
2024-01-25 12:55:20,008 Saved /home/people/fitzpatria/training/wk2/data/SRR5085902/WeightedLogTransformed_HistogramReadlength  as png (or png for --legacy)
2024-01-25 12:55:20,636 Saved /home/people/fitzpatria/training/wk2/data/SRR5085902/Non_weightedHistogramReadlength  as png (or png for --legacy)
2024-01-25 12:55:21,290 Saved /home/people/fitzpatria/training/wk2/data/SRR5085902/Non_weightedLogTransformed_HistogramReadlength  as png (or png for --legacy)
2024-01-25 12:55:25,826 Saved /home/people/fitzpatria/training/wk2/data/SRR5085902/Yield_By_Length  as png (or png for --legacy)
2024-01-25 12:55:25,827 Created length plots
2024-01-25 12:55:25,830 NanoPlot: Creating Read lengths vs Average read quality plots using 2834 reads.
2024-01-25 12:55:26,888 Saved /home/people/fitzpatria/training/wk2/data/SRR5085902/LengthvsQualityScatterPlot_dot  as png (or png for --legacy)
2024-01-25 12:55:27,954 Saved /home/people/fitzpatria/training/wk2/data/SRR5085902/LengthvsQualityScatterPlot_kde  as png (or png for --legacy)
2024-01-25 12:55:27,955 Created LengthvsQual plot
2024-01-25 12:55:27,956 Writing html report.
2024-01-25 12:55:27,973 Finished!
